# SSL/TLS secrets log file, generated by NSS
CLIENT_HANDSHAKE_TRAFFIC_SECRET d934b1fec68ea47ad6fede14f3cf9efa1b827f7a861476ae8816a476f0fbd5a9 ef739dc0d0ab41e8b1c8a015401a1b2bcfb7c3e0b3e9b18432100f626c091ccc
SERVER_HANDSHAKE_TRAFFIC_SECRET d934b1fec68ea47ad6fede14f3cf9efa1b827f7a861476ae8816a476f0fbd5a9 ebe4353f7d099f8f7a12dd894f1c732a1ec34e546d3ed9bcf6a20e973623e0e4
CLIENT_TRAFFIC_SECRET_0 d934b1fec68ea47ad6fede14f3cf9efa1b827f7a861476ae8816a476f0fbd5a9 39366c59a874e134659ce30d389b17916542324867ad10ef3089dc95cfdfd86c
SERVER_TRAFFIC_SECRET_0 d934b1fec68ea47ad6fede14f3cf9efa1b827f7a861476ae8816a476f0fbd5a9 d27c4b1a30ed818b2689624ef5b4265d68679482fcfa4999cf1f60681f5ed46f
EXPORTER_SECRET d934b1fec68ea47ad6fede14f3cf9efa1b827f7a861476ae8816a476f0fbd5a9 1509e974d89ec4c83e2ae587d23d20a330ecb0205f3de079ecd1bb9c928b8f9c
CLIENT_RANDOM aa5c6a887b4db859718d8f82511ecef1ebe57e1146f6cef22d8956b88c9999bd c46a201deef190fab66f82958601fdee1d13bce726a092fed49f8a46ceea9b31d22947699eb8ba28ffd46ef388d60083
CLIENT_HANDSHAKE_TRAFFIC_SECRET 25c78cd5bb79ad4600adddca83eaa99572ac5ea303f8fdcd2bf01a422440f4bc 4b94e240c1bfd46ab2f6e3f41ae299ab78e8896ee3da8c56603a10de1f15e3c5
SERVER_HANDSHAKE_TRAFFIC_SECRET 25c78cd5bb79ad4600adddca83eaa99572ac5ea303f8fdcd2bf01a422440f4bc c4de8a434692ff69143d06b0450753fc3403f488345d3cf29202af506ac5c5e4
CLIENT_TRAFFIC_SECRET_0 25c78cd5bb79ad4600adddca83eaa99572ac5ea303f8fdcd2bf01a422440f4bc 0ab0914c4e1240e177140db93a0a6b5cafa70a9b375110d4be4bf89596348200
SERVER_TRAFFIC_SECRET_0 25c78cd5bb79ad4600adddca83eaa99572ac5ea303f8fdcd2bf01a422440f4bc d9405b2252f0f20b49249e9ac61661f3f111f876b1f6a023aa992769c40109de
EXPORTER_SECRET 25c78cd5bb79ad4600adddca83eaa99572ac5ea303f8fdcd2bf01a422440f4bc e2d65154464380e7291a9cc9aaecd58217536f8c9ae652bd91d85d56fa1ad9c7
CLIENT_RANDOM f16d033405cb2fbcf8b42bf275e806451006d7c8d207fb6981201da9b0fa093c 740f9143d8eb7ad7b2b7399e3cc722093fdacf302ac0671312fb8457e52b06ae9b4fa949742e440d9aea0ef3b36011d4
CLIENT_HANDSHAKE_TRAFFIC_SECRET 844536c86c4cad53e122adab5e03f2c0a8a0ecaa103086de3e8471bfb5358473 ba055ef8fb489114443ffcf609828226488479808f67cbba60ffc65c001086ac1fc1f01719436428704745f3907041c3
SERVER_HANDSHAKE_TRAFFIC_SECRET 844536c86c4cad53e122adab5e03f2c0a8a0ecaa103086de3e8471bfb5358473 d9e5077071b04cb3e7865949d4bb1c12500ead0150d1be08202a46f26f0c738b400bfe086f5399cf66e64bc1c98cb44b
CLIENT_TRAFFIC_SECRET_0 844536c86c4cad53e122adab5e03f2c0a8a0ecaa103086de3e8471bfb5358473 aba23d90ed8dfa70e531e8bf4d58a9afb964d7fc6ed7d7818a1d073e274ed2144e5f856beb30aea0fb9aa9bffd7ad5b5
SERVER_TRAFFIC_SECRET_0 844536c86c4cad53e122adab5e03f2c0a8a0ecaa103086de3e8471bfb5358473 19c3527269b2ccfe051f4b6ed8c44a50c7d57b8a8423eac0ba47bdaee8059da3c3e0491232000d08e02050ebf1d88326
EXPORTER_SECRET 844536c86c4cad53e122adab5e03f2c0a8a0ecaa103086de3e8471bfb5358473 ea1588fdeacc8fd6f34d0eaf1f13f16cce1ff1d1f316a695e9ed2f7570767554400bcbc885fbe90e4763bfdcddc8633b
CLIENT_RANDOM 653ef3fe9a9f7230b1c7fb9a2ae7dccbe1ce6d6de981f9cdb95982ac7df5c922 77e45cee51e4a90c4fac9f3a89ec9a23ff37cc34cbc0448122c8a1c748075c92dfc50d5e483879795d24a28859e42a90
CLIENT_RANDOM bae82948cb15de04ed5eaf1ac3604974de71f0aa7a92529797985d13ab761b5e 0c384b10d2d032df603fa402de57410c3cc28dad0d0b9236220efaf54168ceadab15887ea86a4cdbd56696296ebd5004
CLIENT_RANDOM f20f6e5e33161e374737616c729aa5ce71bf00438e84ee33c2410e1f3f3cfba4 992fb1efbac9ac4d0711eed4b4cc6bdec315adfed7bcf77274e1fbbd9a393c94bfd8fc55492a982d10c108c01a3bf571
CLIENT_RANDOM 0300a7be4362a717e54947d853be5f73eaed2da444a5d10381790fe6bdf7defd c6a91054522d97951f5b21f8cb6c2509baeeaa2ef43b830a740ca634782803fc373f341d84290948137125057e3cb067
CLIENT_RANDOM ed91c6ef315a5cc962fd7b115aa99f67f42e392da033e2dc324a43d6e5000d00 f4a15682e7b1af68eb2d0126fa9ee52b968e4dcf137faf77473d6d7bb8305b912185bb13b526d75dc5d226021507699d
CLIENT_RANDOM 5eae4e19fb2b0e6eebc1dd3843ebc8ef21eb8391a38dade50027a917b616fae0 916f32b0164dc8103ee31910b2a56aa3316d9616a227e48f761c1e888f5b5f68c3e7f214b2bf2b61c479b6de76bffe44
CLIENT_HANDSHAKE_TRAFFIC_SECRET 58fc6366c920afa593539ab4a9e6a0693fee76d6298b1f1d56da06ab8c71926f 5a28d6edc9be415548394bc260266f73ceb64b29f12d1af4669888875628a7fd
SERVER_HANDSHAKE_TRAFFIC_SECRET 58fc6366c920afa593539ab4a9e6a0693fee76d6298b1f1d56da06ab8c71926f 745d8b5c8dbbc4dabf90e3925a97a34fd61dc53163a4ce757c3319506f60ccbd
CLIENT_TRAFFIC_SECRET_0 58fc6366c920afa593539ab4a9e6a0693fee76d6298b1f1d56da06ab8c71926f b6944d9af65a08c843649a645f5c391222c31e7327d91812d98629fbcd46f452
SERVER_TRAFFIC_SECRET_0 58fc6366c920afa593539ab4a9e6a0693fee76d6298b1f1d56da06ab8c71926f 8d133008ecb2b30eacc55bae2e04863994fe6f3ce39e3bf71e4e420d2af7c08c
EXPORTER_SECRET 58fc6366c920afa593539ab4a9e6a0693fee76d6298b1f1d56da06ab8c71926f 951223af086edc9284d5c673fa95b4d1140342698f0be7233d10fff2b3dbe040
