# SSL/TLS secrets log file, generated by NSS
CLIENT_HANDSHAKE_TRAFFIC_SECRET b390c9f58d5050c273b1a6d16811fb2cb522c12e695c72159f7b2f5b5ac1924f ed1813c4a64ad650e403c33da3a684878b2dfce80b861437f9cfbe3e014ef094
SERVER_HANDSHAKE_TRAFFIC_SECRET b390c9f58d5050c273b1a6d16811fb2cb522c12e695c72159f7b2f5b5ac1924f 8a3b577be4d024c2821cbb08ec195e4e49c855d91bfe310505029068c4b105fc
CLIENT_TRAFFIC_SECRET_0 b390c9f58d5050c273b1a6d16811fb2cb522c12e695c72159f7b2f5b5ac1924f 5db5ae4200c403f94662f3f9174a0a41326883b88b8f2498abe341c90f5e626a
SERVER_TRAFFIC_SECRET_0 b390c9f58d5050c273b1a6d16811fb2cb522c12e695c72159f7b2f5b5ac1924f 22152d68f24b412a8be142f85ba3a2de8d74cdcb0064624202e98c7782f02250
EXPORTER_SECRET b390c9f58d5050c273b1a6d16811fb2cb522c12e695c72159f7b2f5b5ac1924f 0872b36d111f6ee0af9fdb4e1f2bca8d68ce70fd01ab2b4b69082620ca99179e
CLIENT_RANDOM e4f8bc721a708054c09779ff4a02f14ff11a537c62bf526b3dc6f34af81478c3 5d93b16bcba07688594d30a57879eb5b35e0a80f040e2aa86ffa0f48e25f7f5aca6f168108cdbc357a63108dfaf0769b
CLIENT_HANDSHAKE_TRAFFIC_SECRET b6bca7b68b9903306c86f98c6c94204b25074ff2cc6146b6c116c2f8c0fa02d6 5ebc308e573e275e186458ceebafc4ec4050ae0ddb738f3a1b2bb514af9ecd04
SERVER_HANDSHAKE_TRAFFIC_SECRET b6bca7b68b9903306c86f98c6c94204b25074ff2cc6146b6c116c2f8c0fa02d6 37690bcec9a56314aab7acc5a166db6cc02cbec516f7e1435e5528c37ddcfab8
CLIENT_TRAFFIC_SECRET_0 b6bca7b68b9903306c86f98c6c94204b25074ff2cc6146b6c116c2f8c0fa02d6 685e5aa06a6e7766fe4e7a2f760732c26b2674fd490fde8ca7abd2b283db820c
SERVER_TRAFFIC_SECRET_0 b6bca7b68b9903306c86f98c6c94204b25074ff2cc6146b6c116c2f8c0fa02d6 cdc7759f8d4d42a7141811467ab9990696d3e3d3164c49154c997613feabcd9f
EXPORTER_SECRET b6bca7b68b9903306c86f98c6c94204b25074ff2cc6146b6c116c2f8c0fa02d6 db4863fa19a27c4515644c3961ed8fb70f764220aa79f37650455c0b9ed792ad
CLIENT_HANDSHAKE_TRAFFIC_SECRET f985d11763acb1b94775c8cb1990fa797adb3e05a36c25ff0b698df100611b6d 266df9a1cb4d6014a7138c572bcce6a441de52e6956addf39a08de1e19f5c41d
SERVER_HANDSHAKE_TRAFFIC_SECRET f985d11763acb1b94775c8cb1990fa797adb3e05a36c25ff0b698df100611b6d ddaf97100d535f994d0df1f07df06d1b1341b53539addfa9b78352c6a5657fa7
CLIENT_TRAFFIC_SECRET_0 f985d11763acb1b94775c8cb1990fa797adb3e05a36c25ff0b698df100611b6d c81934646fe3eeffe0867d2b9d6bda971932f727a0b896c781cc006715624192
SERVER_TRAFFIC_SECRET_0 f985d11763acb1b94775c8cb1990fa797adb3e05a36c25ff0b698df100611b6d 3564cb04b05f98ac606167431fd9739e288a91698fa4191794bcd3bf99c4e67f
EXPORTER_SECRET f985d11763acb1b94775c8cb1990fa797adb3e05a36c25ff0b698df100611b6d b2c78d2daf382380697218c1aa5e519648128f3ec0a5a3db430dd1df9c7f84ca
CLIENT_RANDOM f8fb1a8c1f0a41679d339cc92b1213dd679339ebe5204e4ee9076eeebcd60e4f 0bdcfd95a3a8f106cb47ab08a83267b160a843931eb98a7bb590a087211d922d019bbf4f33891548a4135f6b0026b177
CLIENT_HANDSHAKE_TRAFFIC_SECRET 78f49f8f254bab733fe45be29c8f685228b842bb98d26bcb56361917ca79fef2 778bcd5f6c6b44c51a5a5ffb586b24a0e49b524bd5ea63681cd511a517985b00
SERVER_HANDSHAKE_TRAFFIC_SECRET 78f49f8f254bab733fe45be29c8f685228b842bb98d26bcb56361917ca79fef2 dc12762aac22b2f90de08fd28c99e4516255ecbe190eea523bddd43506933dd8
CLIENT_TRAFFIC_SECRET_0 78f49f8f254bab733fe45be29c8f685228b842bb98d26bcb56361917ca79fef2 de0186b9992e501cb465d056a682fa68e707680792bc571ee1e8c7d4fc715b6c
SERVER_TRAFFIC_SECRET_0 78f49f8f254bab733fe45be29c8f685228b842bb98d26bcb56361917ca79fef2 89c0af1998e657c0027bd69dcc7d0197178b9a70360824e4da086323763df572
EXPORTER_SECRET 78f49f8f254bab733fe45be29c8f685228b842bb98d26bcb56361917ca79fef2 246cce1281b8f9f2de55aa94d118dfbd1c4e23ddb779a90f231bc5c9e667abfb
CLIENT_RANDOM 3d3648ecf45b81c8bdc2cd85394a506d078825dbcda5f0e5d17fdb83ab348f93 30d7b1479df8fe8342e9b4228fcf6d7b33a9d6cc53ef32345495731195313541a306a72dc71b3bf4c1516a38d8d23812
CLIENT_HANDSHAKE_TRAFFIC_SECRET 3e4966c61e0b1c6060a74488c65563231ef8bb0739965a760b7a18c03cff00f5 d260f89c6a04553ab834378670e8eb43016b0f4508c9346c99f612276b885129
SERVER_HANDSHAKE_TRAFFIC_SECRET 3e4966c61e0b1c6060a74488c65563231ef8bb0739965a760b7a18c03cff00f5 31e381b9ddccabae12432e6062c73598c88e53741cc041a39d14f3582e1fc925
CLIENT_TRAFFIC_SECRET_0 3e4966c61e0b1c6060a74488c65563231ef8bb0739965a760b7a18c03cff00f5 6a1aaac70f7f8be6c8668ce3a7a4207a0f9281c167a6c6848a6f4fdfe8dfcc7d
SERVER_TRAFFIC_SECRET_0 3e4966c61e0b1c6060a74488c65563231ef8bb0739965a760b7a18c03cff00f5 6f5c629e3f0bdd057781965ebab391f1880bcf063d32f585f28d95a501d00f39
EXPORTER_SECRET 3e4966c61e0b1c6060a74488c65563231ef8bb0739965a760b7a18c03cff00f5 4965baf5aae2f6a905012dffa91ad29c6b623909c6f760a0db31762dac62c568
CLIENT_RANDOM 0f7eecc4811e1287e7057f8c2159374918adf114ed0c76ba5388326782dadc6b 95aa63775fe41f08aa1b0625409b1968e448d232479e336e1e5c55221ba6fc4767e0e47c10b831d4415daa27d6ab508d
CLIENT_HANDSHAKE_TRAFFIC_SECRET 7e4a90ca2616cdf3253f1509b7e6cacf631cf6cc2edbf03b2e0970d9de71d4ab 99cf7866acfdcec2cb9b597a408265a7444e815c048376f0c159e0a9597c3db3
SERVER_HANDSHAKE_TRAFFIC_SECRET 7e4a90ca2616cdf3253f1509b7e6cacf631cf6cc2edbf03b2e0970d9de71d4ab ad8d2abd7bfb4db06f5b89d0866225e7cf1137e9edae805f57f4e5b72a972b87
CLIENT_TRAFFIC_SECRET_0 7e4a90ca2616cdf3253f1509b7e6cacf631cf6cc2edbf03b2e0970d9de71d4ab 184076b7e131ca552ba57e2b44338e476f9dc5f134e07893fc3c0f36c9f92f9c
SERVER_TRAFFIC_SECRET_0 7e4a90ca2616cdf3253f1509b7e6cacf631cf6cc2edbf03b2e0970d9de71d4ab 403e5b0c666a549874798c73eb856d94f68f40c2149e7cd9d789c982960a86c4
EXPORTER_SECRET 7e4a90ca2616cdf3253f1509b7e6cacf631cf6cc2edbf03b2e0970d9de71d4ab ee34b10c3af565e35ecc01964b69a5c54336e370a411c2a2d57b39e5c603a5a6
CLIENT_HANDSHAKE_TRAFFIC_SECRET 536969c48cef53cab49f55ed7290915b5f6199876030fde462375b1e06304c3f 094e937e2d6c11dffdf0df8c422b36e4820b4b0589608e679af02d67d1e0deaa
SERVER_HANDSHAKE_TRAFFIC_SECRET 536969c48cef53cab49f55ed7290915b5f6199876030fde462375b1e06304c3f d1efd30b7a7a3bd8641c9fb2c6c6ac7af7009a50b2b771b3e335dff430a4a031
CLIENT_TRAFFIC_SECRET_0 536969c48cef53cab49f55ed7290915b5f6199876030fde462375b1e06304c3f e985b3156d132b9a5f2170feeee535b225f5a9f195db57c7e1a704e737713762
SERVER_TRAFFIC_SECRET_0 536969c48cef53cab49f55ed7290915b5f6199876030fde462375b1e06304c3f 3d1e17d3f67034435e986b1a2187326e7734ac74169dc9a4ca98b5e871abb182
EXPORTER_SECRET 536969c48cef53cab49f55ed7290915b5f6199876030fde462375b1e06304c3f bec0574fc094d11c3267e53f96bc4615fd32735e13cc8c1d40b7f428cc9e28f5
CLIENT_RANDOM c8f1f98b5da960d14fec5c0b76cf39096125298b768b86bd9ba8466cb5a346d9 e38ef78474e296f0de8f62eac74efd8931769be675fc14df7cab9638cc90d582d584e5f6b6f15b656cd19c451c269a53
CLIENT_HANDSHAKE_TRAFFIC_SECRET e9254ee6edf41a1d880c9df980162d85aeaa8046a4b832f37a9190844647fb50 50ba998294708cc2e4959802582be3233da5c3b7f92ab5bd8a930208e0444075
SERVER_HANDSHAKE_TRAFFIC_SECRET e9254ee6edf41a1d880c9df980162d85aeaa8046a4b832f37a9190844647fb50 6e9e0f8ad11017322951ce6c9e8728f8ac31f358f2206f0dffc173e916150bb0
CLIENT_TRAFFIC_SECRET_0 e9254ee6edf41a1d880c9df980162d85aeaa8046a4b832f37a9190844647fb50 171a0c04851bdeef3928ce7093628827c5c1787246445dc3f90c3df281a52b72
SERVER_TRAFFIC_SECRET_0 e9254ee6edf41a1d880c9df980162d85aeaa8046a4b832f37a9190844647fb50 a7d56cae24b69ec20770663f9aca4f8b61efa73b29cd3e7856bfcab51dd1325c
EXPORTER_SECRET e9254ee6edf41a1d880c9df980162d85aeaa8046a4b832f37a9190844647fb50 f472c99d76f9c862385ebe66641c6f51a8bd8f1c503df0b7be9f0c5cb5840d28
CLIENT_RANDOM 0e9bfafad700a8484938da75eef856e9bfb1afac788dd348d1f61364ba622dba e56ffdef039fcc11d03ed8345f0c8be54891c1552c3c88094667d591701b526f323808fb6011464950d2ea468870141b
CLIENT_HANDSHAKE_TRAFFIC_SECRET b8ccf7e5db43396afb3833ca2f3e2274aaa40ad56825435ff731bf42e06e38ae 81c78cd5be7dacafbb2c3fbccf533f67eb0046dcce5982bed6e7e6c4f51530e41b17b34ffd6ed53cb0ee8ec0845529ea
SERVER_HANDSHAKE_TRAFFIC_SECRET b8ccf7e5db43396afb3833ca2f3e2274aaa40ad56825435ff731bf42e06e38ae 77b5bc7f1fe2b7ed043d36898de52b68bf0cfb2f2a06c53870e75a415808631804f29a188e1a95b32dcbcd6b6de937d3
CLIENT_TRAFFIC_SECRET_0 b8ccf7e5db43396afb3833ca2f3e2274aaa40ad56825435ff731bf42e06e38ae dcb611c1d62be7024f8f9dd2cfbbe8f0b5508386edb4e4433efb6d4392e5f99d84ce788d59059f442569498ed49dbba8
SERVER_TRAFFIC_SECRET_0 b8ccf7e5db43396afb3833ca2f3e2274aaa40ad56825435ff731bf42e06e38ae b1c29c035063f7ffe23d1f92eaf4a16ecf15cd9891f49d812100ab3cb8675718d0b82c1a523c9203a6d36171441845a9
EXPORTER_SECRET b8ccf7e5db43396afb3833ca2f3e2274aaa40ad56825435ff731bf42e06e38ae 178099087591cac4e62470ac2ecec3d138fcb0459a2bf85ec60c34543ae498abc45b23e6e151a391b74a94c495d00a95
CLIENT_HANDSHAKE_TRAFFIC_SECRET 21ae811c7e9bbb7b963c52a55eb37369f44d28c96120f030080e61f143ba4fa1 8a64e7565512edb2e836b1832bc587d7d50c656b9f0eeeb74b340e869bae7527
SERVER_HANDSHAKE_TRAFFIC_SECRET 21ae811c7e9bbb7b963c52a55eb37369f44d28c96120f030080e61f143ba4fa1 8105fd6f274220731898b06b12bea1d89843a22fa73eb432ff86d42680078a87
CLIENT_RANDOM a3aeb57e519e92e726e54f0576f3c21902c0b1448e9f453fa7335341c534ad70 8e974c71cc471f54219bcbee19b455085501d6ccd7bb018a8918385e8a08632b05aaaa8e6290944e11f5ea9213c36c18
CLIENT_TRAFFIC_SECRET_0 21ae811c7e9bbb7b963c52a55eb37369f44d28c96120f030080e61f143ba4fa1 238212156579d30697611ff92971632797c945d3a43ea0c8273d1bffb34e01ed
SERVER_TRAFFIC_SECRET_0 21ae811c7e9bbb7b963c52a55eb37369f44d28c96120f030080e61f143ba4fa1 e33c13b96b973d88eee8445e1b99db16297c39e687ce7744ee9ddd645e8ca3d9
EXPORTER_SECRET 21ae811c7e9bbb7b963c52a55eb37369f44d28c96120f030080e61f143ba4fa1 5a9c9bfe020e1c5291fe8d5d6332fa3e1732a107ec91737e0d67c9632a338dca
CLIENT_HANDSHAKE_TRAFFIC_SECRET a33c6c09285b0849130c2e43268e42b20245a7581db274e7b47526863bf12fec a9066bae9e5f0504f0a729e94870a0c995011bc36bca101a6369c2b9db65f321
SERVER_HANDSHAKE_TRAFFIC_SECRET a33c6c09285b0849130c2e43268e42b20245a7581db274e7b47526863bf12fec 31e2c6b12be223167a10bfe3a05839f86b805f04c35f840b32b76755bdcf6248
CLIENT_TRAFFIC_SECRET_0 a33c6c09285b0849130c2e43268e42b20245a7581db274e7b47526863bf12fec af549336e02b99b4dbfd9c26ee29120a9f21a3c18235cc7fffd385701feb2f96
SERVER_TRAFFIC_SECRET_0 a33c6c09285b0849130c2e43268e42b20245a7581db274e7b47526863bf12fec 0b632185a6e7ed443485643835a1575d48d1ba4fef7efca8c28bb48d8b2c1fac
EXPORTER_SECRET a33c6c09285b0849130c2e43268e42b20245a7581db274e7b47526863bf12fec 6e5b67452656c2eff0caf45a7c40637e7cfe25e593e4f4afcd1bab31f276dd02
CLIENT_HANDSHAKE_TRAFFIC_SECRET 4e7d3b97696b540c22041fe9831aab4ac0ceb56466735da5d8f2b647f87dc630 5b43dd4d671c543d73805db6f98c85e971d6414f976b49864e2e01f4b56f4eb6
SERVER_HANDSHAKE_TRAFFIC_SECRET 4e7d3b97696b540c22041fe9831aab4ac0ceb56466735da5d8f2b647f87dc630 90456909acec5e7d4469b320fb8652991a5b70a9617122cfaad840f76e344454
CLIENT_HANDSHAKE_TRAFFIC_SECRET 35ce0c906a16bfff1e068db31120bd107d08a31be16a65d7a7ffa611fcb45dc7 4e177747b5a5bd1b8a0fcf35f3a931b47a053e3f00dd253cda2c4815934bd3ca
SERVER_HANDSHAKE_TRAFFIC_SECRET 35ce0c906a16bfff1e068db31120bd107d08a31be16a65d7a7ffa611fcb45dc7 15ce2594e2584b45a034c9262409158defd581cdb7323f7305e5a7d7735ac0ab
CLIENT_TRAFFIC_SECRET_0 4e7d3b97696b540c22041fe9831aab4ac0ceb56466735da5d8f2b647f87dc630 98cfb805006433a8e47d962bde79bf2256c51357be7d662124965c03f60f7e32
SERVER_TRAFFIC_SECRET_0 4e7d3b97696b540c22041fe9831aab4ac0ceb56466735da5d8f2b647f87dc630 9eea28bf59779a0d2ef0cf8daa43d04a393bfcf20af66575e2b102f6ad3ab67d
EXPORTER_SECRET 4e7d3b97696b540c22041fe9831aab4ac0ceb56466735da5d8f2b647f87dc630 48b7de52ec60bd0800d0f84d9f29bf1af6dd53826ab9d32c3e0aeee75285bbb1
CLIENT_TRAFFIC_SECRET_0 35ce0c906a16bfff1e068db31120bd107d08a31be16a65d7a7ffa611fcb45dc7 6e994226f801f3e544d9849009abe5e243459f4d2c4d41f8d25a7332a2c7b851
SERVER_TRAFFIC_SECRET_0 35ce0c906a16bfff1e068db31120bd107d08a31be16a65d7a7ffa611fcb45dc7 3879f1f2840c293c7be1c92d9dad2de9bb4702c789c3be366767a0709416b22c
EXPORTER_SECRET 35ce0c906a16bfff1e068db31120bd107d08a31be16a65d7a7ffa611fcb45dc7 919037dac0a5517904c146f496f3e835efd660a3d7cca31cef55a9740bde2ec0
CLIENT_HANDSHAKE_TRAFFIC_SECRET c87688bcc26b7c792da21e9ad3e162a5a8edfb3556e275ec6b0ee467c598e745 1567d161a0c6e7cac4891fb7eb293d8735702db2895f7cc00ec9c5640b039a19
SERVER_HANDSHAKE_TRAFFIC_SECRET c87688bcc26b7c792da21e9ad3e162a5a8edfb3556e275ec6b0ee467c598e745 941070b4da7bfde56134e060942af7169394ac949d2f3d0cfed99ed8397a2e6b
CLIENT_TRAFFIC_SECRET_0 c87688bcc26b7c792da21e9ad3e162a5a8edfb3556e275ec6b0ee467c598e745 b09bf62481f6fb9504ec0ee01508d93b4e856a73f38a13d49326dadc7bcbb89c
SERVER_TRAFFIC_SECRET_0 c87688bcc26b7c792da21e9ad3e162a5a8edfb3556e275ec6b0ee467c598e745 e167606360320f80804e313f1e43984c661fe46266d0f4439af2a1841cd350ed
EXPORTER_SECRET c87688bcc26b7c792da21e9ad3e162a5a8edfb3556e275ec6b0ee467c598e745 950a43cbed754227414e480b6eb5665f0877ad04f415c7728ae3ccdf607f93cb
CLIENT_RANDOM 51ce2ae047a4b78a813ff9825af03562d172882c0b41ebb70ef32cfb75c6c28c 42f3cac6aba98199eb7c5863adbbb7543e0b0892aea8265cf02f397c632c81a030bcbbd4d95a740f6abdd2bfb22a425a
CLIENT_RANDOM 08158f6fcfbf7c361fb8a809194daf83d207b7b768f435b60cf89f946456d23d ba3639f500952a31c88ad8a04f0fb03f85598b035a3ca1affbc86c053860488eea30a12fd27bbd95d7fbd0104be7f44e
CLIENT_RANDOM a34b82a812311f453f386ab036b0cc6eb29d0bbfd53f56b37dc6776ed14aa436 dda8e2f29013c5879436bae178b6a91235b305d5061a37901e3ceed353642dfd2f86d4c3cc94a995fe2a22157ef3b8f9
CLIENT_RANDOM 06c1da174eccde36076ed6d6dd4bc593cd674ba3880c6daf1d845d09b336689f bb08fb8332d0cea705519b71e81403b49955da42775174a21453acce773bdf51beb9ea54c1e4eb3cbb6c89b2a7338875
CLIENT_RANDOM 9c8e3755db4467560cc6ea28213233ad641e9503062c30b345dbcf789b275e30 40a7dc44124d70e79a7cd7e142263f23695357fc6a451d0c2a9397a76f4c90b640fdd9c14efc02d30dd8228659da5da3
CLIENT_RANDOM f243f9ee6fa726fecd0c068593e25d4442a8c63370c75b142583ae1e6ef16e49 312ef856b41564c763506c42c0a9730e4613d7e3e105b14ef24d4c497742dcaa78aede78c12536b05d32610a8aa00a62
CLIENT_RANDOM d6b288e9a3c0d92baa2f302e1790dfc0d0aa89d154828b80b76eb6e410bb5fdb c9e3e2acafb1018b3a10c560a64dba8fe7a27ec02428a6f4f2b4acada59a4dc773811dafa13994792f1ccf20faa8f8d0
CLIENT_RANDOM 36c7c90ce410464b38cde2d2c3ef6aecef8514201d0aa8c0ae0abcb97489ac00 1812c8f205d2daef7b9f8b0b6d4160b87fe92d0be949828a13af565253be5120590df3639cb2ddec2810cb2011f7931f
CLIENT_RANDOM 9d845fa6926ee20be8dc1b5ecf96f4803d4b5c4c5fcdd5b6d0551ad6359b92b5 def40dbca1fdd2597f6a3848ca8e49e882fe4ce6b95261130e1d54b80b938dcb193d35b45b42398808198320d9fabc04
CLIENT_HANDSHAKE_TRAFFIC_SECRET be87c5e0554d9c79eb9b3b961a07c4554f3f7cf5e292adf1c59eaa4a3e99adcb 2b993ed35afab0b609da037fa7e5230ed480d2fd79f21007ecbead45bd10ef9b
SERVER_HANDSHAKE_TRAFFIC_SECRET be87c5e0554d9c79eb9b3b961a07c4554f3f7cf5e292adf1c59eaa4a3e99adcb 1026fd71473d7c8c343ad03b98904581f159eac0ac68b0ad717b90d382f8d5c2
CLIENT_HANDSHAKE_TRAFFIC_SECRET 08766ecadc8bb26bf53d57ddf78a910aabff33b09986dbb6d047d67980e32e8f e5ad423141ea8076bd2b6c18637308ece96c52acc90aca91c378888cfc7f1c43
SERVER_HANDSHAKE_TRAFFIC_SECRET 08766ecadc8bb26bf53d57ddf78a910aabff33b09986dbb6d047d67980e32e8f b281eef5f42fc81f7a761c988414436197e19e75115ee248d7aa6c09f0827b9e
CLIENT_TRAFFIC_SECRET_0 be87c5e0554d9c79eb9b3b961a07c4554f3f7cf5e292adf1c59eaa4a3e99adcb 9fcf8325d089a49250771e1b86b3ab401d7d4478b8be6e113d8261b0d704c6ff
SERVER_TRAFFIC_SECRET_0 be87c5e0554d9c79eb9b3b961a07c4554f3f7cf5e292adf1c59eaa4a3e99adcb ebf28f848fc782f12dbe99ba37d368af94fafa5423b6678217f23e96d64086fd
EXPORTER_SECRET be87c5e0554d9c79eb9b3b961a07c4554f3f7cf5e292adf1c59eaa4a3e99adcb 782e82d0f2d404da6235c49a523cd32cab51939b999aaea07679741512780e92
CLIENT_HANDSHAKE_TRAFFIC_SECRET fc93e0a5b2676d7555cd8c4c508de03be8c63cef51454adba8c032cd2986c73c b73dcf7c8557271e5c2973af6fe30e29aac0229da9ec748bf694df50dade2f5d
SERVER_HANDSHAKE_TRAFFIC_SECRET fc93e0a5b2676d7555cd8c4c508de03be8c63cef51454adba8c032cd2986c73c d0f161aac5aded37f58c3b4aba28a5896997afae4e878a572f5abd9a29969548
CLIENT_TRAFFIC_SECRET_0 08766ecadc8bb26bf53d57ddf78a910aabff33b09986dbb6d047d67980e32e8f 11efc040327eb27cff62c357c0b5c7a1d79cb2557340bc8a7d6f2a23af6ab261
SERVER_TRAFFIC_SECRET_0 08766ecadc8bb26bf53d57ddf78a910aabff33b09986dbb6d047d67980e32e8f e9364617465040fab823633ba65ece25e36a0f93af4d5dc132031ce220684c06
EXPORTER_SECRET 08766ecadc8bb26bf53d57ddf78a910aabff33b09986dbb6d047d67980e32e8f 17f47758098cd56b69cf95cc92f2f18266615ff0c7ef925687dcc09ac6a06b07
CLIENT_TRAFFIC_SECRET_0 fc93e0a5b2676d7555cd8c4c508de03be8c63cef51454adba8c032cd2986c73c 1a2bbe01ccdbe9fe8a25086efd13239a35795f931ac746385525d7a9df83bebc
SERVER_TRAFFIC_SECRET_0 fc93e0a5b2676d7555cd8c4c508de03be8c63cef51454adba8c032cd2986c73c 7f4420155cf5f00a3319e35c392ba2dbc6cb9366276e3d5baa79880b991a56d9
EXPORTER_SECRET fc93e0a5b2676d7555cd8c4c508de03be8c63cef51454adba8c032cd2986c73c 64c3f55b6e71658b66b7a483b8b9f342f4524e4cf557594a7e5ab8137ec66ba4
CLIENT_HANDSHAKE_TRAFFIC_SECRET bd2e637fe9a5b11c6a56d5f57990b3a042dfc1b4513a5650417569fcb81b80b8 a5865d425a0e4afc330d548a5d20d05f0fb084f9bd11b5a8285e5fccd30b17699714a956fdd11aed315b126af837ecdc
SERVER_HANDSHAKE_TRAFFIC_SECRET bd2e637fe9a5b11c6a56d5f57990b3a042dfc1b4513a5650417569fcb81b80b8 a991ed807fa638c6a4c891cfd58b912cc34e67983b0ca6ed27ea097a0c9853656e88f792fb552af5ca3b6a0f1779775e
CLIENT_TRAFFIC_SECRET_0 bd2e637fe9a5b11c6a56d5f57990b3a042dfc1b4513a5650417569fcb81b80b8 4bc596921eb1c17049f5643842b805a8807d2549213607aa2fa8cf756795e361f9ff06b842a03929dab1d0220c138e46
SERVER_TRAFFIC_SECRET_0 bd2e637fe9a5b11c6a56d5f57990b3a042dfc1b4513a5650417569fcb81b80b8 1377a3296a23264f84ef5ca8f65830e4ed09927f7e8ca76686e7e7868e82afd6b55edb0d92fc3daa075f7c3733fdee00
EXPORTER_SECRET bd2e637fe9a5b11c6a56d5f57990b3a042dfc1b4513a5650417569fcb81b80b8 022bd37a1fc216f29c0c35579315e454d18592a8c5cbf7f3a03f647ceba141483bf061f38f3b3d222b6a263f312925f0
CLIENT_HANDSHAKE_TRAFFIC_SECRET 15c1d0fd92d74761db58606e618671e46dba113a22663042ebe0aed6714c876a 7cf1b775548dba5d4cb685c365d7e3a5a766b3f935d9503b563300df7be02506
SERVER_HANDSHAKE_TRAFFIC_SECRET 15c1d0fd92d74761db58606e618671e46dba113a22663042ebe0aed6714c876a 2600ba7ceffa88f7706e36710a33c71de16e2ca4818e9c52eb40242438d1ccbe
CLIENT_TRAFFIC_SECRET_0 15c1d0fd92d74761db58606e618671e46dba113a22663042ebe0aed6714c876a 31ea707d324395573b923d3254f3e71a453248e69f9db243bdc60d91907c0953
SERVER_TRAFFIC_SECRET_0 15c1d0fd92d74761db58606e618671e46dba113a22663042ebe0aed6714c876a 0057da6c9fbe49708a893cd9b4faa1130c06023fc19cd50d90e5163dfdb48cf4
EXPORTER_SECRET 15c1d0fd92d74761db58606e618671e46dba113a22663042ebe0aed6714c876a b2dde2aa695e9133426f4534570d7242e1829d6bc73b5875339204793053cfb7
CLIENT_RANDOM f728118d53c2b6a0d2b9686b45b5e52b7bda24b4b029f9351f1feebf845bb341 9f0beac18cfb269f60d78d4baf0e8223a7ae4916be61359475b89ac741576be3342e1c82e2d057483bc08831db1c68cb
CLIENT_HANDSHAKE_TRAFFIC_SECRET 6203ac9f6730f65d5960beaa981675438bcb7472ffc7835f0d5aa70d22bf95a8 9dd3a8ef757919dcb9afa5f2d10faccdfcec1d093f5f9eb1f4f2e449f7b4a574
SERVER_HANDSHAKE_TRAFFIC_SECRET 6203ac9f6730f65d5960beaa981675438bcb7472ffc7835f0d5aa70d22bf95a8 ccf6014b968c9850282e133965b1d9ce8ae4622697bf4f5445e660a34cf78097
CLIENT_TRAFFIC_SECRET_0 6203ac9f6730f65d5960beaa981675438bcb7472ffc7835f0d5aa70d22bf95a8 61747aec38517ee7d90ee95995661bcf8356db53aa15e6c8faa347fbffbf39c8
SERVER_TRAFFIC_SECRET_0 6203ac9f6730f65d5960beaa981675438bcb7472ffc7835f0d5aa70d22bf95a8 e3918b1f832c2f95a1c935aee8fd0855561f9e8ab4af04eb97c9fe7f545a8fc0
EXPORTER_SECRET 6203ac9f6730f65d5960beaa981675438bcb7472ffc7835f0d5aa70d22bf95a8 78d30161814b8f2bc04948467f85622a63473a6090c7a969b5fe359c9859bc45
CLIENT_HANDSHAKE_TRAFFIC_SECRET 1af3baaed8d7ab031733280758b0a98bf6dab44611c108b4dd53dc75d43f922e 3b1c93734da39a5fdf7f5388590bb107b62736c1353c89b5635d5cda9564b18c
SERVER_HANDSHAKE_TRAFFIC_SECRET 1af3baaed8d7ab031733280758b0a98bf6dab44611c108b4dd53dc75d43f922e e028a24309f949280e659800b0267fcfc9ae8e93d09af1ce16066804a8f6cfae
CLIENT_TRAFFIC_SECRET_0 1af3baaed8d7ab031733280758b0a98bf6dab44611c108b4dd53dc75d43f922e 0e71673ed3b9c822e03d57011519baae1669d38d4c6e4cc5df0420fd02dc2377
SERVER_TRAFFIC_SECRET_0 1af3baaed8d7ab031733280758b0a98bf6dab44611c108b4dd53dc75d43f922e 4745565d43ad4a4e990faa3c9f66ac03f05ba5415d5d6951a0275fc27663c77b
EXPORTER_SECRET 1af3baaed8d7ab031733280758b0a98bf6dab44611c108b4dd53dc75d43f922e a29ffa61547e00dd3aaef02c9756c4c35896e88980bc4a6d81cd577cf1c337f5
CLIENT_HANDSHAKE_TRAFFIC_SECRET 565613edc3673af7d226f38f44b1cc3d875ad0b309a2d6f636973267f98a9c44 a3111181f0c191815d8a8997ff9d7657ae4f07827db37fda1d51e6b59d2c408a
SERVER_HANDSHAKE_TRAFFIC_SECRET 565613edc3673af7d226f38f44b1cc3d875ad0b309a2d6f636973267f98a9c44 5d54425799c9c7475fbd665df68874b2bd993e0f90f1185238b791b3d2908e88
CLIENT_HANDSHAKE_TRAFFIC_SECRET 9f3f445eabd797fb0e6e7caad1e99f9dd70948fc6077d39c821871acf2f113d8 3b1768037dad39a353eae7bb15a82ace3bfbe072ba7426d665e44da91b88a68390fb22f74d6968915eccc245c52f57b4
SERVER_HANDSHAKE_TRAFFIC_SECRET 9f3f445eabd797fb0e6e7caad1e99f9dd70948fc6077d39c821871acf2f113d8 25d6ee01bc8b526b332a97b9fd4f9d46f9df47f90e71c9119cf03a1b007a025a9d2d1d47bf0cb79b658687f774acb76e
CLIENT_TRAFFIC_SECRET_0 9f3f445eabd797fb0e6e7caad1e99f9dd70948fc6077d39c821871acf2f113d8 9102d027bb8454e9b9299b78b2820d09483203efa66b68ad36593895deda612c13079be60f9e062aa16cf7a2b3649d9c
SERVER_TRAFFIC_SECRET_0 9f3f445eabd797fb0e6e7caad1e99f9dd70948fc6077d39c821871acf2f113d8 421b663b486c982ecf47c493fc4ca55cc57ce8b1b6b6984b4463957cb7d5e89cdd5b501778fa748183ebe69b945f6896
EXPORTER_SECRET 9f3f445eabd797fb0e6e7caad1e99f9dd70948fc6077d39c821871acf2f113d8 2bb0cbf6e6c8c3e29d2fc0878a7a7c598dc69a9326a72ba9113c1d6ba5c113f578de30993592cdeb8d6fbfc97ff2cb79
CLIENT_TRAFFIC_SECRET_0 565613edc3673af7d226f38f44b1cc3d875ad0b309a2d6f636973267f98a9c44 9a95266f9148277731ed5e50bb8e9047a1f922819cc2bcfc98a1c24521746a97
SERVER_TRAFFIC_SECRET_0 565613edc3673af7d226f38f44b1cc3d875ad0b309a2d6f636973267f98a9c44 347cc485cc54b37e6cbedca31668e587d6e165c2dc7222dfb50687d8db556090
EXPORTER_SECRET 565613edc3673af7d226f38f44b1cc3d875ad0b309a2d6f636973267f98a9c44 b946d9912e7f1ba3eb6f8f0c3ba5837c3beeddd677d37d4b361865b7b3831ace
CLIENT_RANDOM 3cc29629b504963beda5e417d366702deb96617bfd44d69c3878eb64ad91bff8 21224a7bb803fe5254af2c9bee54acece68855e70dfd9d4bb9368f52e4efccd36699506094c8ff6d1a19bfd2d1aafab2
CLIENT_HANDSHAKE_TRAFFIC_SECRET cc54aec3049c9e46cbcdccfce096f30641b5bd5f9247e87a3629f048c4879235 c4c8b11ff62149c35b4318b6a8f857318aaf7fdfe152202641225847d11cd15e
SERVER_HANDSHAKE_TRAFFIC_SECRET cc54aec3049c9e46cbcdccfce096f30641b5bd5f9247e87a3629f048c4879235 cb47eb933b0b8866a9bd6b3990c25b3891a91207edc1fd2624ccf7dcd57132b8
CLIENT_HANDSHAKE_TRAFFIC_SECRET cb3661ee418e33e080ec6676b5ca2ddc6e30efa77522dee10582107f7918afe8 98da99819146c4536c4e7b9c558f0edc3b23b36e0c2e08e809d1f7c46b03f0cb
SERVER_HANDSHAKE_TRAFFIC_SECRET cb3661ee418e33e080ec6676b5ca2ddc6e30efa77522dee10582107f7918afe8 6e7d03620a91055457863caa1dbf34fd71415974dc6af2981ab347eae714f26b
CLIENT_HANDSHAKE_TRAFFIC_SECRET 2c694d29cc3e017507516c3413c6057f4c4e4f6a821f332a204d32d4c98f66b9 d0426820f3fce1b4e9b9d17f3019695ada498eade5efccf9ca23e5d016174bb3
SERVER_HANDSHAKE_TRAFFIC_SECRET 2c694d29cc3e017507516c3413c6057f4c4e4f6a821f332a204d32d4c98f66b9 bc8b8c920a1a7f25b02a7a424c403c0ca9eff129cc8c690aecea14918dba1194
CLIENT_HANDSHAKE_TRAFFIC_SECRET 09e810b42ad1bf365bb89f3ca9a5f1b8a42653c0f49e89d456bb06facf57c516 604106d1c12ca0bfb4b86a89a9416dab3e0d9d55859642a29dd871f6bb175eab
SERVER_HANDSHAKE_TRAFFIC_SECRET 09e810b42ad1bf365bb89f3ca9a5f1b8a42653c0f49e89d456bb06facf57c516 b2bfee68c7a953da6f77a8336071624daaa5755e2aa2c34806d2e79516bad1e7
CLIENT_HANDSHAKE_TRAFFIC_SECRET 1d8838f4166e8af44896b928c27f9c112874de412e9a7f9872297beddc4e9f66 a9a44757055c7ab58b37663279c64e40b89b6d306316e49b3439035167862ccb
SERVER_HANDSHAKE_TRAFFIC_SECRET 1d8838f4166e8af44896b928c27f9c112874de412e9a7f9872297beddc4e9f66 2b79d2f184d8f8f197d43dcd2ff411de82d7404129c66e66b168b89a48d457b0
CLIENT_HANDSHAKE_TRAFFIC_SECRET c34091a57ac7f7f10802709ed8c4aaf5c84d48066ef9e67b395ec9e9019e7fdf 0a156636ea0f297bcabe55e7e04e6e00b898c1d1bc610fa405296efd8032ea0d
SERVER_HANDSHAKE_TRAFFIC_SECRET c34091a57ac7f7f10802709ed8c4aaf5c84d48066ef9e67b395ec9e9019e7fdf b5879ef0bf7069323bef13abaf299fe2f633a6f76d414037738310d9d917a0aa
CLIENT_HANDSHAKE_TRAFFIC_SECRET a9eb0a0e9734e8de46dc84225336c0146aa2400b5f6f46ce7550b886155d2052 5f839eeed1d0b6e48532da08ae985ae0e1433641095b6dc5205ec23b51e0435b
SERVER_HANDSHAKE_TRAFFIC_SECRET a9eb0a0e9734e8de46dc84225336c0146aa2400b5f6f46ce7550b886155d2052 9d0bcc96e8d53dbd61cf5e4bcc6341a30beb0ff5f13649314cebc32a551dd4df
CLIENT_HANDSHAKE_TRAFFIC_SECRET 620b6620657a97cc1b52fac93eda0ab0360964600e9dfef773a087c12cc49a68 902900c6edbce0b3de2152a431f374efd27d190201bb78596ed16d5c9964c202
SERVER_HANDSHAKE_TRAFFIC_SECRET 620b6620657a97cc1b52fac93eda0ab0360964600e9dfef773a087c12cc49a68 b8b14a9935bd43e26c16e3ac0265828f4eadd08c4c6731848caf45a30923ac27
CLIENT_TRAFFIC_SECRET_0 cc54aec3049c9e46cbcdccfce096f30641b5bd5f9247e87a3629f048c4879235 727f790defd8906a808424b4d7f91cb330bbbb12c2b3e151e3290c3dfc429531
SERVER_TRAFFIC_SECRET_0 cc54aec3049c9e46cbcdccfce096f30641b5bd5f9247e87a3629f048c4879235 cbfde2ce9756ccb839bac857c4342eac7951e541c81d43701aca7706c8dbf0a3
EXPORTER_SECRET cc54aec3049c9e46cbcdccfce096f30641b5bd5f9247e87a3629f048c4879235 5d295c4faa16e32108f8e5db50329a0b3b0c507c98a0e2f62471c6830cb15038
CLIENT_TRAFFIC_SECRET_0 c34091a57ac7f7f10802709ed8c4aaf5c84d48066ef9e67b395ec9e9019e7fdf 653ecd41cddb82c4c99d036fe3982d7dbd2dc9179bd525a1a852c6dcab0c88af
SERVER_TRAFFIC_SECRET_0 c34091a57ac7f7f10802709ed8c4aaf5c84d48066ef9e67b395ec9e9019e7fdf 7fc7e0bb6e38bedde1c26c0b74dd90da1493d8a9b9bb5dbec2dbbebb76e54113
EXPORTER_SECRET c34091a57ac7f7f10802709ed8c4aaf5c84d48066ef9e67b395ec9e9019e7fdf 09763b33176b1ca2c60ec93502e20d10c3f7b3454534927b3ea437c18c7ce61f
CLIENT_TRAFFIC_SECRET_0 cb3661ee418e33e080ec6676b5ca2ddc6e30efa77522dee10582107f7918afe8 04f10b24a4377ec90a9d1db0947d303f5b848a50c9fdaa83ae94e399b9b15eea
SERVER_TRAFFIC_SECRET_0 cb3661ee418e33e080ec6676b5ca2ddc6e30efa77522dee10582107f7918afe8 83b17cebc84a99b5ccbf3c7e50b1e921901463397a8da8cd8bab39b15883d431
EXPORTER_SECRET cb3661ee418e33e080ec6676b5ca2ddc6e30efa77522dee10582107f7918afe8 0ae877113169314b4a49524e89b1889fcba207afe53744d4156207a67bbd93db
CLIENT_TRAFFIC_SECRET_0 620b6620657a97cc1b52fac93eda0ab0360964600e9dfef773a087c12cc49a68 7746952b34cee68d1fa68690826abd294bf4fc2411040e01f3635f9de5764ef5
SERVER_TRAFFIC_SECRET_0 620b6620657a97cc1b52fac93eda0ab0360964600e9dfef773a087c12cc49a68 2d68bb9b536a9ab3a012fd1134275b03fae05c47a0e3e7c9e6fc0d73e015b970
EXPORTER_SECRET 620b6620657a97cc1b52fac93eda0ab0360964600e9dfef773a087c12cc49a68 aef473fbb276e00cabcc08a6872516a579edce58611044b2c617f67603d539b5
CLIENT_HANDSHAKE_TRAFFIC_SECRET 2b7d0922d4b4bc8a319a0fdf04c673bf5652eafd6d4aab5afcdfa17a3af94ed5 85eb4733394c2f43f59675e74bf563ad18b89f1b04522e2e2fab116b6f2be860
SERVER_HANDSHAKE_TRAFFIC_SECRET 2b7d0922d4b4bc8a319a0fdf04c673bf5652eafd6d4aab5afcdfa17a3af94ed5 452aa7585d49c192d8c10c11676ea5e8ca0dae1580c34204726e9248cc32231f
CLIENT_TRAFFIC_SECRET_0 2b7d0922d4b4bc8a319a0fdf04c673bf5652eafd6d4aab5afcdfa17a3af94ed5 c2ccc4d891eaf817e03a7f3bf3d0347fcbba916d910f206910cc51be4efca2c7
SERVER_TRAFFIC_SECRET_0 2b7d0922d4b4bc8a319a0fdf04c673bf5652eafd6d4aab5afcdfa17a3af94ed5 6d10b7c942306f111c53bf17945294bb91bdc6db4a553d927317e224e2a367a9
EXPORTER_SECRET 2b7d0922d4b4bc8a319a0fdf04c673bf5652eafd6d4aab5afcdfa17a3af94ed5 d80223a840f98be69acf3fb02625f55826432bf21619e1acbb35a8158b64b4b8
CLIENT_TRAFFIC_SECRET_0 2c694d29cc3e017507516c3413c6057f4c4e4f6a821f332a204d32d4c98f66b9 0cb9799aadddd7f1e4d774fed0dadc268d0e3e06f8b23fbd4067a05e5748acea
SERVER_TRAFFIC_SECRET_0 2c694d29cc3e017507516c3413c6057f4c4e4f6a821f332a204d32d4c98f66b9 5508c33874ac6447048a398346faaae524d37c74e161d7a606e9ee2fe8d89fca
EXPORTER_SECRET 2c694d29cc3e017507516c3413c6057f4c4e4f6a821f332a204d32d4c98f66b9 e88b869c9079bc57a7a62dc8460894927ca016709e69ec3011542ec4b6a7095e
CLIENT_TRAFFIC_SECRET_0 1d8838f4166e8af44896b928c27f9c112874de412e9a7f9872297beddc4e9f66 e6a3c1e18eea994e87882821bce0b35c50cefcb91e8163db54ef33fb38bf630c
SERVER_TRAFFIC_SECRET_0 1d8838f4166e8af44896b928c27f9c112874de412e9a7f9872297beddc4e9f66 7c062dacc9515313e87fb81a02bb421b08c6f356f9fb6b20e897be98a85c6cbc
EXPORTER_SECRET 1d8838f4166e8af44896b928c27f9c112874de412e9a7f9872297beddc4e9f66 d348afcdbbe7065b1fdf3c63a252daf438e8b2ca58eac92949ffbd73d3a300a0
CLIENT_TRAFFIC_SECRET_0 09e810b42ad1bf365bb89f3ca9a5f1b8a42653c0f49e89d456bb06facf57c516 4d3935cfaae2ac2b2ed8cda14f5d34b86201aa514be7d11c4076631b6e335e8a
SERVER_TRAFFIC_SECRET_0 09e810b42ad1bf365bb89f3ca9a5f1b8a42653c0f49e89d456bb06facf57c516 e822be516d7dbd228ab83a0d268d44ad83b6c0149c8330bed95207ada37d7ee7
EXPORTER_SECRET 09e810b42ad1bf365bb89f3ca9a5f1b8a42653c0f49e89d456bb06facf57c516 264445d10473b3b5ca3e86214038a636c2f0d01fe6905dee21fa78b3bb9b2726
CLIENT_TRAFFIC_SECRET_0 a9eb0a0e9734e8de46dc84225336c0146aa2400b5f6f46ce7550b886155d2052 b1a5fdb67c0818b259bab0b12cd0a6fc3ee799f854870bc3c1eda4e4f5300f72
SERVER_TRAFFIC_SECRET_0 a9eb0a0e9734e8de46dc84225336c0146aa2400b5f6f46ce7550b886155d2052 a5887ef4d6a33a6018f871c449ce7cd198302aad2538761d3f85a8d404040857
EXPORTER_SECRET a9eb0a0e9734e8de46dc84225336c0146aa2400b5f6f46ce7550b886155d2052 bdf2cf22760bf9bce28bc7b8e7dda977990bfa943dd7a18572ddb1c6aed6481a
CLIENT_HANDSHAKE_TRAFFIC_SECRET f8b1cc944275ff988ffdf751352e2a98cf94ff2288fff2b18c458c9896a01b14 f17a85cf7e4ebaccb0ad61e3edfd48f1deb9d359e11aae2c88126f0e15fec9d8
SERVER_HANDSHAKE_TRAFFIC_SECRET f8b1cc944275ff988ffdf751352e2a98cf94ff2288fff2b18c458c9896a01b14 4c7f8a42f0c935a68cff1f8b0a38c1ff795dbcf57b0a4e9558cfb08ff4c10717
CLIENT_HANDSHAKE_TRAFFIC_SECRET 54f1d091add92d13c7a302b4609570ccbba014f8042e3d4a08555f2a32fd0067 5c0d122db0a1949505246d5581be9415ad27ef1743665e14655b1e65d04b8856
SERVER_HANDSHAKE_TRAFFIC_SECRET 54f1d091add92d13c7a302b4609570ccbba014f8042e3d4a08555f2a32fd0067 c14635bea8d03215293ec6b0989f87ec0d9c34f906dbed0b513a7dacae29a74e
CLIENT_HANDSHAKE_TRAFFIC_SECRET 7240f46c95ecdc235bcee4b9ef8e1b412bb9c577e023a34324a11b45a7a80dac 5f2400fb9cca4419d8ed0d83d14b699c9d8a9896fd2c3cf90ec97b2f04220cb6
SERVER_HANDSHAKE_TRAFFIC_SECRET 7240f46c95ecdc235bcee4b9ef8e1b412bb9c577e023a34324a11b45a7a80dac 7fdd095b40ec54c276fc3a4ec8e7dad96a8f209b29932bca2058bd77335fc6be
CLIENT_HANDSHAKE_TRAFFIC_SECRET 9c945bdb8ccbaa3377a90142a6dd8fa79c2627a6b6973f6952f9ef528112a3ae e4648f2d430a04240c326d56b1e8e834ae8930240119b980d1c2ee18b413e042
SERVER_HANDSHAKE_TRAFFIC_SECRET 9c945bdb8ccbaa3377a90142a6dd8fa79c2627a6b6973f6952f9ef528112a3ae 0c4f757de60cbe1581a0ab5a7782d181162617df5a2a87cddd2fbe599a2e211a
CLIENT_HANDSHAKE_TRAFFIC_SECRET 1874079577fcbf5eca355728f09088c12cbc30a96bfe76ccbb877a38a317c2e1 d63f3794e8a63cf9c7d4f07598f760c5ea9767efb8e0d6ed542a9c47cfb7ccf9
SERVER_HANDSHAKE_TRAFFIC_SECRET 1874079577fcbf5eca355728f09088c12cbc30a96bfe76ccbb877a38a317c2e1 0f337e043059225802619d3933fe30b353426e4278ade775377d57fb86edbb9f
CLIENT_TRAFFIC_SECRET_0 54f1d091add92d13c7a302b4609570ccbba014f8042e3d4a08555f2a32fd0067 198736ec87f4832f77813b57224de20b1c3bd34522b31d33dcf5981af82874bd
SERVER_TRAFFIC_SECRET_0 54f1d091add92d13c7a302b4609570ccbba014f8042e3d4a08555f2a32fd0067 124890ffc2195337366588ec6c40084ba952e9c698bab6c075b79e8892b51d51
EXPORTER_SECRET 54f1d091add92d13c7a302b4609570ccbba014f8042e3d4a08555f2a32fd0067 06e3936bc98b581fd49a7d910c27bfcae6249450397720ad1bf7ea8abac2b329
CLIENT_TRAFFIC_SECRET_0 7240f46c95ecdc235bcee4b9ef8e1b412bb9c577e023a34324a11b45a7a80dac 2a37da9de3f480cbf8172c7f8116164d0f063232d1fc23e868a3732705e99418
SERVER_TRAFFIC_SECRET_0 7240f46c95ecdc235bcee4b9ef8e1b412bb9c577e023a34324a11b45a7a80dac 635b5b8fbba42e6f14f79afc9c93eea076db7a19833626d6587a976a894a1f6a
EXPORTER_SECRET 7240f46c95ecdc235bcee4b9ef8e1b412bb9c577e023a34324a11b45a7a80dac 4e20f1430c5fe34ae8a32b399ef3ea92e9662cc56d847617172adc0aa852ef02
CLIENT_TRAFFIC_SECRET_0 f8b1cc944275ff988ffdf751352e2a98cf94ff2288fff2b18c458c9896a01b14 7bf54fb46518cf2dc02e5f7b668e69b738437e322dc72a66a71b4be78c73ced3
SERVER_TRAFFIC_SECRET_0 f8b1cc944275ff988ffdf751352e2a98cf94ff2288fff2b18c458c9896a01b14 cdd2cb7fa3524b0c15bf5068ccbffadc730798780c109adf4b7efc0519dbb263
EXPORTER_SECRET f8b1cc944275ff988ffdf751352e2a98cf94ff2288fff2b18c458c9896a01b14 da442648df064b13db4e47d1687f6a428505792a1d0536ea7ab4756987569da1
CLIENT_TRAFFIC_SECRET_0 9c945bdb8ccbaa3377a90142a6dd8fa79c2627a6b6973f6952f9ef528112a3ae c73809c4def04a0516f7ba7d6963d096d353b44627135753b32e0dd892b263fc
SERVER_TRAFFIC_SECRET_0 9c945bdb8ccbaa3377a90142a6dd8fa79c2627a6b6973f6952f9ef528112a3ae b23259948b7337215c3fa911645ead047d1b2f1959966af9b1ded596b754f19a
EXPORTER_SECRET 9c945bdb8ccbaa3377a90142a6dd8fa79c2627a6b6973f6952f9ef528112a3ae 9f500e65546e38db74215dfc18d56852e64c8d7b539960406d70020619a08e48
CLIENT_TRAFFIC_SECRET_0 1874079577fcbf5eca355728f09088c12cbc30a96bfe76ccbb877a38a317c2e1 89a83916dadb7b4f17b7a72e3ae21b335d21513e260c0a3dbe5f666eadacf285
SERVER_TRAFFIC_SECRET_0 1874079577fcbf5eca355728f09088c12cbc30a96bfe76ccbb877a38a317c2e1 acc0977f21e95046a31f361c006e042f22cd19a4f98549c2c2ca42dc0deceeb5
EXPORTER_SECRET 1874079577fcbf5eca355728f09088c12cbc30a96bfe76ccbb877a38a317c2e1 6e3336fda97fc09d10e6897aa77dd05f51dc471a380b556b1e0be0c859bc68a9
CLIENT_HANDSHAKE_TRAFFIC_SECRET 18bea6c21078e59c23df9c22e4790defb7f3c903c799c0385774ba9b02e9cd61 13f600a5d82bc23675907b26ef16cf9e05e2efefdca2f7821db3e59cddc9fcd7
SERVER_HANDSHAKE_TRAFFIC_SECRET 18bea6c21078e59c23df9c22e4790defb7f3c903c799c0385774ba9b02e9cd61 59001446ee0460ae31f55b8fe623b33560f7e119fcd8b2f8860a36bb6b301ce2
CLIENT_TRAFFIC_SECRET_0 18bea6c21078e59c23df9c22e4790defb7f3c903c799c0385774ba9b02e9cd61 d804e6b70a0be22bc6a090fe417195c0e031f80024d99d8a71df2f09e07225c0
SERVER_TRAFFIC_SECRET_0 18bea6c21078e59c23df9c22e4790defb7f3c903c799c0385774ba9b02e9cd61 92f531c2437f26a743210a207719f650bdf07002e130c46546c55c67196a3ea8
EXPORTER_SECRET 18bea6c21078e59c23df9c22e4790defb7f3c903c799c0385774ba9b02e9cd61 754b2987366942ac8286445aeef198d4d3f8d54acac34ad61fed363b4327bcf8
CLIENT_HANDSHAKE_TRAFFIC_SECRET 8ab1f55162eb548268e48dec447d2a04229d059c73c73e0290813106d0cbeb2d f2fc9d35a93a895ae4ee55aaa9f97e11698c4d58281d856f7a5925dcd7367e66
SERVER_HANDSHAKE_TRAFFIC_SECRET 8ab1f55162eb548268e48dec447d2a04229d059c73c73e0290813106d0cbeb2d 35f206ef2a06740656c19b822d6fd94f1d03b645a20007996ebf58118bed72e1
CLIENT_TRAFFIC_SECRET_0 8ab1f55162eb548268e48dec447d2a04229d059c73c73e0290813106d0cbeb2d 4af35739e41a9afe6d367d2b51055011c1f27566cc605fc486a05fedab406ed9
SERVER_TRAFFIC_SECRET_0 8ab1f55162eb548268e48dec447d2a04229d059c73c73e0290813106d0cbeb2d d319dc22f3a5475787315fbd405908a8d12eb0fd39747c343097bb20a25133d0
EXPORTER_SECRET 8ab1f55162eb548268e48dec447d2a04229d059c73c73e0290813106d0cbeb2d fe32d98c8a8143a40b2663c8256a882aacfc8761b22141ea426c314b7848a38b
CLIENT_HANDSHAKE_TRAFFIC_SECRET 0d89eb75f4d6601039c48149f8fb9be3cafd9f4278681234ef542f8aa32a5483 b866169c1713bcd21a4ea2d6409d375126ac4bfd02537fbf47fcd409982b68e1
SERVER_HANDSHAKE_TRAFFIC_SECRET 0d89eb75f4d6601039c48149f8fb9be3cafd9f4278681234ef542f8aa32a5483 aa02b051b273246a43bd066e29ffcb663194aec8c55c6553f6b8d55107859228
CLIENT_TRAFFIC_SECRET_0 0d89eb75f4d6601039c48149f8fb9be3cafd9f4278681234ef542f8aa32a5483 825ec6f94a602f04f97052af82cbdd75afb6e06767d654d7ae02cdbe00933208
SERVER_TRAFFIC_SECRET_0 0d89eb75f4d6601039c48149f8fb9be3cafd9f4278681234ef542f8aa32a5483 51719611b3690e81858b9a7ead237b74da82b56f5851fc9c06be4ff79f59317c
EXPORTER_SECRET 0d89eb75f4d6601039c48149f8fb9be3cafd9f4278681234ef542f8aa32a5483 0950044cc279256a91bb86043c22f80856d54301ff933acb7b7baba8b4245128
CLIENT_HANDSHAKE_TRAFFIC_SECRET ae14e403fcf361a7f424f176dbda1cdb3e38dbf45a5cf755b38d339756b5fddb b71566282f3359207607aa60ce048e1abba3f12c759e5f06d7b90fa327bc6819
SERVER_HANDSHAKE_TRAFFIC_SECRET ae14e403fcf361a7f424f176dbda1cdb3e38dbf45a5cf755b38d339756b5fddb 0e30fa24c45619d6ab150f0705cb09d1fd15e02b0d2e800f57598d3d184d4de0
CLIENT_TRAFFIC_SECRET_0 ae14e403fcf361a7f424f176dbda1cdb3e38dbf45a5cf755b38d339756b5fddb c999408bd41e70765dfbb143a743fec40274fd9292a7d0eca91b27d41fddc126
SERVER_TRAFFIC_SECRET_0 ae14e403fcf361a7f424f176dbda1cdb3e38dbf45a5cf755b38d339756b5fddb 04a7ad201c2c73f5f351d9be84ec07f430972ad3822502c06e19a2978cd5fe3c
EXPORTER_SECRET ae14e403fcf361a7f424f176dbda1cdb3e38dbf45a5cf755b38d339756b5fddb e8da919da558da74b2948c70e60c690032da80b1034634fcc03aac5badd231aa
CLIENT_HANDSHAKE_TRAFFIC_SECRET 909f22bc4361aee2adcad07aae2f1dbe45a64d070756271523e195d4031e9aa6 2410bd175b90e55cb28ee75845f32e666dc82bdbd90ec60605ac2820f7b69fe3
SERVER_HANDSHAKE_TRAFFIC_SECRET 909f22bc4361aee2adcad07aae2f1dbe45a64d070756271523e195d4031e9aa6 31fbef6f6d1f7f89c1e0662d23078fb50d39822c42731cf22f2db8a9294537fc
CLIENT_TRAFFIC_SECRET_0 909f22bc4361aee2adcad07aae2f1dbe45a64d070756271523e195d4031e9aa6 e659bd827be926f8cab2ad3edb32d5ae97690dc90095b3c98d8ea7a7f14a276c
SERVER_TRAFFIC_SECRET_0 909f22bc4361aee2adcad07aae2f1dbe45a64d070756271523e195d4031e9aa6 6c12d49e0dfbf2af6585df4420764033e8a57a5ce584743591a4ac3c5d3759e1
EXPORTER_SECRET 909f22bc4361aee2adcad07aae2f1dbe45a64d070756271523e195d4031e9aa6 d3c1b85ddade7fe0e29b903192254487bf73050451e8738e18896b1e7b52e1ba
CLIENT_HANDSHAKE_TRAFFIC_SECRET b8dd961ea9e7f30f560a4674739f332af059a7c258e92ce04f70ca1c25681742 d9b499d79b91a67b0395e34decefabb43b2033b8cc61caec860a82b2d95fba35
SERVER_HANDSHAKE_TRAFFIC_SECRET b8dd961ea9e7f30f560a4674739f332af059a7c258e92ce04f70ca1c25681742 2c1b664dd779693bb51f9b015690348bad4aed61bc8bf2acab70ac73aab4f09e
CLIENT_TRAFFIC_SECRET_0 b8dd961ea9e7f30f560a4674739f332af059a7c258e92ce04f70ca1c25681742 2d0fcd777edb1e3fa241c53d141c892a2ab65445ad9d8da0125662f9085babfa
SERVER_TRAFFIC_SECRET_0 b8dd961ea9e7f30f560a4674739f332af059a7c258e92ce04f70ca1c25681742 fed1796ae5b13d597d0a89184ca20188f413138b73e46825295a4db09a29a978
EXPORTER_SECRET b8dd961ea9e7f30f560a4674739f332af059a7c258e92ce04f70ca1c25681742 a5a5b448c3e67c25ca0e198fe3e0108db1d83939e3fea11f6fee11b483571c94
CLIENT_HANDSHAKE_TRAFFIC_SECRET 57b61f90048a00e841c28af3d7d18d0d43928d84670ae865192085f0c4615675 3b0da937eef49c2943eb1bf3e90c1da09b8aa973e3b2e9f10c925fbf92c929b3
SERVER_HANDSHAKE_TRAFFIC_SECRET 57b61f90048a00e841c28af3d7d18d0d43928d84670ae865192085f0c4615675 5227f36aee20ffe896dfe7ca4081dffd29f6053a9383f985119bbf3ffcd8a573
CLIENT_TRAFFIC_SECRET_0 57b61f90048a00e841c28af3d7d18d0d43928d84670ae865192085f0c4615675 a705202ef7bacb23d25c33dd539994fedc6793df9e0c8b4350eb0e781f8cd5c7
SERVER_TRAFFIC_SECRET_0 57b61f90048a00e841c28af3d7d18d0d43928d84670ae865192085f0c4615675 2a0a4f8e3ed8c96db860c8f0f524f31f9a4fe79a4079c63427af3844ed8abb2c
EXPORTER_SECRET 57b61f90048a00e841c28af3d7d18d0d43928d84670ae865192085f0c4615675 fda2acf9fb262970421951e5e94ab7496ece8fd58248780ad6a5e42a87a13e36
CLIENT_HANDSHAKE_TRAFFIC_SECRET d442277bfa7e8bec6cb41e4cebd284a1d91c14032fa8f90e964aa191f0311809 395256d6a62306345508d1523baffe7bd27e0ddcf6f1980eeb053cb782f7c058
SERVER_HANDSHAKE_TRAFFIC_SECRET d442277bfa7e8bec6cb41e4cebd284a1d91c14032fa8f90e964aa191f0311809 d085063d7ec35afa2719211b8e4ec3bd8fc60812c6debbe69eaa4934a55c1336
CLIENT_TRAFFIC_SECRET_0 d442277bfa7e8bec6cb41e4cebd284a1d91c14032fa8f90e964aa191f0311809 5372a2409b367dad6d8122ad262b709785bc5465a22361fc6835cedddf883aff
SERVER_TRAFFIC_SECRET_0 d442277bfa7e8bec6cb41e4cebd284a1d91c14032fa8f90e964aa191f0311809 a047a6634f125485123d6714ac758bc194986155b738a3e80c7d5ac487254597
EXPORTER_SECRET d442277bfa7e8bec6cb41e4cebd284a1d91c14032fa8f90e964aa191f0311809 64818b5ab6460f173df540500514d23aa5ed09b73dfd1459a9b42a57e61ed42d
CLIENT_HANDSHAKE_TRAFFIC_SECRET 1ffb43c6a24de2668f3def87541e70a8b93e9d1bdd2b28366cf7b9710653f9f6 3346c22315aa2f1b356d2492b89da9d35121a9cadc01ed15f1bfcdd482f61124
SERVER_HANDSHAKE_TRAFFIC_SECRET 1ffb43c6a24de2668f3def87541e70a8b93e9d1bdd2b28366cf7b9710653f9f6 34d839447b3acc15fe9a65f30bb672599308a01f5dd7bab8b807c7118f14f0bc
CLIENT_HANDSHAKE_TRAFFIC_SECRET 9bdb1aa931591a8fc6047f52e4f90a116e9b36e7c2f0493de143c608129336a4 0acdceac56149666ebb12a9840e72f1e549114a2c75207c45e97f65158b4ef23
SERVER_HANDSHAKE_TRAFFIC_SECRET 9bdb1aa931591a8fc6047f52e4f90a116e9b36e7c2f0493de143c608129336a4 fd6302696b20dab42ec3809b6846d4d1310e28ac4c17c0c8dfc0fa22e324d40b
CLIENT_TRAFFIC_SECRET_0 9bdb1aa931591a8fc6047f52e4f90a116e9b36e7c2f0493de143c608129336a4 fbbce769d5092c0750ae63a429f700a0a6a4b8d5cbbefd2d7ca62a75dde94aa3
SERVER_TRAFFIC_SECRET_0 9bdb1aa931591a8fc6047f52e4f90a116e9b36e7c2f0493de143c608129336a4 a5169facf62f38afeb648ad9ad380a3549935c95c251b6082e59ac4bd9b8a126
EXPORTER_SECRET 9bdb1aa931591a8fc6047f52e4f90a116e9b36e7c2f0493de143c608129336a4 a2ded3f1fc4b4e9d7cdd91cef15160e0017d738af9c37fb88cb3fd8b4ab58606
CLIENT_HANDSHAKE_TRAFFIC_SECRET beba542e20a6301c37db74b73c893c2242bcc29e6f2d01b3263af6081493165e 0d8fd3c7a2ef83650001b7e903a8ceafbc1ae00fb276355ed415775272ec07b6
SERVER_HANDSHAKE_TRAFFIC_SECRET beba542e20a6301c37db74b73c893c2242bcc29e6f2d01b3263af6081493165e b0c32a776637fe06575980203f5ee4c844e958d8cf5cf4a92a9568f6e17adae5
CLIENT_HANDSHAKE_TRAFFIC_SECRET 622a3317348d34c69d79f1dc265ad90f7ab02b3fa5d0337d707bcdbca8a08ab4 4522092e998eda1a161861990d930989b63514999f7533d90ba46d5a9b39b762
SERVER_HANDSHAKE_TRAFFIC_SECRET 622a3317348d34c69d79f1dc265ad90f7ab02b3fa5d0337d707bcdbca8a08ab4 2b09eeeaa9a3dd43a8a494a63e303a71ec743fbeb003794c8f1ddf7dbe70b90a
CLIENT_TRAFFIC_SECRET_0 beba542e20a6301c37db74b73c893c2242bcc29e6f2d01b3263af6081493165e dbae726983851c620787396b2dfbae2d3bd1416852f8d544a1b42f807f95fd54
SERVER_TRAFFIC_SECRET_0 beba542e20a6301c37db74b73c893c2242bcc29e6f2d01b3263af6081493165e d7885118d5de2d73341561c4584416c473babc41ad5b14da80cd58f947105db7
EXPORTER_SECRET beba542e20a6301c37db74b73c893c2242bcc29e6f2d01b3263af6081493165e 8610e30caa45e6d652fe40ba34c2b8ebba1462c81ba3c609d9f0f05ae759ed65
CLIENT_RANDOM 1950ce7230bc9ad0728cb1b7c0743690fc198612b066b1e8b4b982e0f9125af8 31d9e2c1cedcdf19eee04cf7980c9b53ff8dc221e2eae47942095ca07e9159e7c7ab2e11090a4cfa648263506f1b5b0c
CLIENT_TRAFFIC_SECRET_0 1ffb43c6a24de2668f3def87541e70a8b93e9d1bdd2b28366cf7b9710653f9f6 9c16774a031e80a53ccb87df6489e80e1f731baea14d4ceadd39e38b87815cb6
SERVER_TRAFFIC_SECRET_0 1ffb43c6a24de2668f3def87541e70a8b93e9d1bdd2b28366cf7b9710653f9f6 135324a8bcde38f2b81c85b43e4cffe446f712cda8a16a3542a15529105a23a2
EXPORTER_SECRET 1ffb43c6a24de2668f3def87541e70a8b93e9d1bdd2b28366cf7b9710653f9f6 3f6e40657ee40fba9464b59a7ac47b4888cd23f3472ce97891b76e33ea9e25c6
CLIENT_TRAFFIC_SECRET_0 622a3317348d34c69d79f1dc265ad90f7ab02b3fa5d0337d707bcdbca8a08ab4 985a8023a055ea72de71439126aad709f2ea4e615d7736b39fd42bae2f58560a
SERVER_TRAFFIC_SECRET_0 622a3317348d34c69d79f1dc265ad90f7ab02b3fa5d0337d707bcdbca8a08ab4 b0aaebf775b405b5fbc48f45e310f1e31e993c6f3fde395edb27957703af4e82
EXPORTER_SECRET 622a3317348d34c69d79f1dc265ad90f7ab02b3fa5d0337d707bcdbca8a08ab4 9a26af473ce30f23fbc104ac4a1968e12bd6dba382aced984f698a0670f88f70
CLIENT_HANDSHAKE_TRAFFIC_SECRET 93d23216268b4a91090637cba1d95d6507052237a5ca515a3db38562df530c2c 08179515f906e89c90eb4982257a62c677a6d96ad9a196cc004d4bb69b75a56d
SERVER_HANDSHAKE_TRAFFIC_SECRET 93d23216268b4a91090637cba1d95d6507052237a5ca515a3db38562df530c2c a6eeb73791b963980a1f6ee20a737b8c65c7ec73f5f65fbad0b602082e6bdeca
CLIENT_HANDSHAKE_TRAFFIC_SECRET 740d3db1fd68cbdc2dcd2fc3e50f4b3b470317f8a421f3c8b0f8332de15dcd51 86780b3da1a046ecbdb2bb66d2200e1dd7d1731b8cc00bd7d7675edd8bdec43d
SERVER_HANDSHAKE_TRAFFIC_SECRET 740d3db1fd68cbdc2dcd2fc3e50f4b3b470317f8a421f3c8b0f8332de15dcd51 5452e000357951ad78db4cc9df81fc98e07a2787e95e11de5e0190bebb666e02
CLIENT_TRAFFIC_SECRET_0 93d23216268b4a91090637cba1d95d6507052237a5ca515a3db38562df530c2c 4c0802fbe04f0ba80e868a5402b43933fc4308e04715701d55c3259f2e69baf5
SERVER_TRAFFIC_SECRET_0 93d23216268b4a91090637cba1d95d6507052237a5ca515a3db38562df530c2c c045cacd9633c86ac087211609f940074a140a61fa6fb0dc2799655f2b19ad90
EXPORTER_SECRET 93d23216268b4a91090637cba1d95d6507052237a5ca515a3db38562df530c2c 6fe1651280ee375beabcf35fffac00f8e1d172361b2a36e003c3c2949cc6343f
CLIENT_TRAFFIC_SECRET_0 740d3db1fd68cbdc2dcd2fc3e50f4b3b470317f8a421f3c8b0f8332de15dcd51 8ce37ec7d932e24127319acea291ea68e046fdb6ca7e3d29ab7adf0e01a417c1
SERVER_TRAFFIC_SECRET_0 740d3db1fd68cbdc2dcd2fc3e50f4b3b470317f8a421f3c8b0f8332de15dcd51 9cccde1f122344c9624551f2b2b5f9b83cc5e46b41ff58d8bb0e96f4c6318e56
EXPORTER_SECRET 740d3db1fd68cbdc2dcd2fc3e50f4b3b470317f8a421f3c8b0f8332de15dcd51 136d4adfeea7f9cdbedf06d8dd02910e713fc92c2645762ca87925c8c2c3ce3a
CLIENT_RANDOM 8b0adc6782a47c91683fdf750ce04c654c0e5003f8f8a260039d0593971420c5 d1bc86d744c7fd54f06185222c95953785fb67dbd35172bb337e3106c62f894e4c37ab75224c4106ddad6dca3b782a1a
CLIENT_HANDSHAKE_TRAFFIC_SECRET ece699a734fc8a9dedf27bdd60c587edc527457853da284b495acfce57e6f424 2ab49e299f1d2a66b37315a19a10ceff462358e47e3c9a376e5fa4f87871dec9
SERVER_HANDSHAKE_TRAFFIC_SECRET ece699a734fc8a9dedf27bdd60c587edc527457853da284b495acfce57e6f424 6932b67bd3a4da64e00f3791a4b29469e3189c9937b6e838ae8a42aec2c68dc6
CLIENT_TRAFFIC_SECRET_0 ece699a734fc8a9dedf27bdd60c587edc527457853da284b495acfce57e6f424 421ee7c987bf32065b6bfaa37ef8bce974b7cfcaa912b1357add8637a22de5e3
SERVER_TRAFFIC_SECRET_0 ece699a734fc8a9dedf27bdd60c587edc527457853da284b495acfce57e6f424 7d4451d22edb574338cacb8fc004d9048b9890aac074ac61c36d7cee9c7a1244
EXPORTER_SECRET ece699a734fc8a9dedf27bdd60c587edc527457853da284b495acfce57e6f424 2efadb177da4aab3d8e9e5215a0d4cf768760368e0e90f487f50574f02b9b303
CLIENT_HANDSHAKE_TRAFFIC_SECRET 1bcb3e2a25bdd781ec34729f7a29dee504be9e9b56e76431f0472ebdc49916a2 9c38554137b05ededad337eeacc4048a90c205294ecafa2967d7c7fd5604f171
SERVER_HANDSHAKE_TRAFFIC_SECRET 1bcb3e2a25bdd781ec34729f7a29dee504be9e9b56e76431f0472ebdc49916a2 6572ca1b77104ed7e93be43e111dc28792b292ac0356449efb661f61bdb8e154
CLIENT_RANDOM 8dd2431bcb0114b6be468f6ef6191b815afb1b007c5e4fc4aa4402338e0c47fe dbcc3745fbf999156563f5210267a8bb66d01bc15b53126a4ca31d71149734b35bfc57cead10ac6c0a60e133aba79b16
CLIENT_TRAFFIC_SECRET_0 1bcb3e2a25bdd781ec34729f7a29dee504be9e9b56e76431f0472ebdc49916a2 277967d8cf817d14a0be96e22bac02f7d425045d10a129bd624926e063e4be2b
SERVER_TRAFFIC_SECRET_0 1bcb3e2a25bdd781ec34729f7a29dee504be9e9b56e76431f0472ebdc49916a2 4e08970d1b7a2d4ca33e4d89fd0558d878cb09bcd37cc79df6fd8e2267c9917f
EXPORTER_SECRET 1bcb3e2a25bdd781ec34729f7a29dee504be9e9b56e76431f0472ebdc49916a2 4579fb59764a0d0dd77f713f8fa5c7f74cb55d45f54fe4a95a87e92f836d26c1
CLIENT_HANDSHAKE_TRAFFIC_SECRET 9545ba79b2eb2973e3c0e10cd6afdba2b3182271bea4c322d3e002f7d061392a a441b32206a588de6f1ce55a610e55ed29a17ec502d99a387e772c5b649e6789
SERVER_HANDSHAKE_TRAFFIC_SECRET 9545ba79b2eb2973e3c0e10cd6afdba2b3182271bea4c322d3e002f7d061392a 64be39fb779297387d6a99f280a71c9c03c4de6969a0c5f9620fc28ad23e0aeb
CLIENT_TRAFFIC_SECRET_0 9545ba79b2eb2973e3c0e10cd6afdba2b3182271bea4c322d3e002f7d061392a 49cf4a38385ce097d84ff331e1c5237c5e5cde6c9feb4ece64be7287262cab58
SERVER_TRAFFIC_SECRET_0 9545ba79b2eb2973e3c0e10cd6afdba2b3182271bea4c322d3e002f7d061392a 969c14efcc745f281fd0ec773c7498724d5f38653cc85ab0d81f6bf466189aa1
EXPORTER_SECRET 9545ba79b2eb2973e3c0e10cd6afdba2b3182271bea4c322d3e002f7d061392a 6b56d2fa09db2e38765449ea95ba74ffd4a8cdec5c9b2fc3e003cb7f5a1abe89
CLIENT_HANDSHAKE_TRAFFIC_SECRET f211b904b959a6790b63a4c4aa95ca68ad2607fba1863e1954711d2818fe3d76 ce78c47adec87395d8782a7e3b8313a7ce45d50ae9321f698be2ed7ad33f475c
SERVER_HANDSHAKE_TRAFFIC_SECRET f211b904b959a6790b63a4c4aa95ca68ad2607fba1863e1954711d2818fe3d76 e58aff8df2d187a24a7f857ba03e43542187afe28feee6a69b8dfcd2802f9833
CLIENT_TRAFFIC_SECRET_0 f211b904b959a6790b63a4c4aa95ca68ad2607fba1863e1954711d2818fe3d76 2d1bb8455bdb9b58eca07caf446c1de5c2abee0d272942e9a5339d0dd65473d9
SERVER_TRAFFIC_SECRET_0 f211b904b959a6790b63a4c4aa95ca68ad2607fba1863e1954711d2818fe3d76 8a6a9d1f55a5c6b56733b0d720e352a5c30a16ee8d402c8c5e93909ec7c30821
EXPORTER_SECRET f211b904b959a6790b63a4c4aa95ca68ad2607fba1863e1954711d2818fe3d76 868491b07a0cf7252548d7d581f6dc00026644e76fa0e11ed07c0a8ab5bd720e
CLIENT_HANDSHAKE_TRAFFIC_SECRET bfb709b2b734b7ac1399bc502a1e97595e05fbd1ef434e3bdfccfe330a22976e 1c74ca6292c4c9d6439b3850e14352adcf7a83d10fd2cf993df2d33ff6f5dff1
SERVER_HANDSHAKE_TRAFFIC_SECRET bfb709b2b734b7ac1399bc502a1e97595e05fbd1ef434e3bdfccfe330a22976e 68299c8c7fc82328e88da0fa5b0861797695cb6375b0107200f9fb7978c0d091
CLIENT_TRAFFIC_SECRET_0 bfb709b2b734b7ac1399bc502a1e97595e05fbd1ef434e3bdfccfe330a22976e 3391bb453a689dba736233475d05f48686a7686e458cb6bca153de3a273a7a4a
SERVER_TRAFFIC_SECRET_0 bfb709b2b734b7ac1399bc502a1e97595e05fbd1ef434e3bdfccfe330a22976e ed6c645825465fec67863279ef547bc902c64725d35ad69651346f5a25a06760
EXPORTER_SECRET bfb709b2b734b7ac1399bc502a1e97595e05fbd1ef434e3bdfccfe330a22976e 898153bcdd5008db8b64a4ab5f2f4330cd2f2d42e50cf58a1051b58a1cf15563
CLIENT_HANDSHAKE_TRAFFIC_SECRET 4f69bc4fdd296991573688f587a1537829d9b54e100c188a820824e28ab8e892 6f0b4475bac3e40bf83f87620c233589c968afc02d95f80c9231e4c33ed99c40
SERVER_HANDSHAKE_TRAFFIC_SECRET 4f69bc4fdd296991573688f587a1537829d9b54e100c188a820824e28ab8e892 6a1301662e3413f911b57e876d2c680764461663680833cf678d3d73195b4b87
CLIENT_TRAFFIC_SECRET_0 4f69bc4fdd296991573688f587a1537829d9b54e100c188a820824e28ab8e892 a4fae3f26f26857b7b637da5b1bcbb80d17e9cfd4c76455d3f2c4856c53cfc4e
SERVER_TRAFFIC_SECRET_0 4f69bc4fdd296991573688f587a1537829d9b54e100c188a820824e28ab8e892 82a16933a5bfe268b6a244b0b7c734c3c78a79f39abaa4190c1de6140d4bdf2f
EXPORTER_SECRET 4f69bc4fdd296991573688f587a1537829d9b54e100c188a820824e28ab8e892 dbe3938973a1b8a45767d3eabc92d81d65bced2a52444192f2d582e74eb6e911
CLIENT_RANDOM 472cce993d45f25a1043fd1a809b68a2da2c9fe670c58b494b7e13f2d0e23cb3 8f7f59c416fa9a423a0047dd3e2ec6bdb3fb235842fadaea85621be9696c298c22dcc790aef0594e07436e8ee1252854
CLIENT_HANDSHAKE_TRAFFIC_SECRET 2c70593bc0e38d72d6ecd960f4c1589b7ac7543a2630839986f49f5507ae8c71 e91b88ad11bbd3ba216bf79b0eaeee54532fb01287153ff22a54683a708a77fb
SERVER_HANDSHAKE_TRAFFIC_SECRET 2c70593bc0e38d72d6ecd960f4c1589b7ac7543a2630839986f49f5507ae8c71 b3d3a333f540b51439d5995b3d8c3aad27c1062b0e4a4558f45ba280f86e2bc8
CLIENT_TRAFFIC_SECRET_0 2c70593bc0e38d72d6ecd960f4c1589b7ac7543a2630839986f49f5507ae8c71 fe24a2f3700253a3cb5a52099defb20f9599325de9ebb94f732f4fe9eae6314c
SERVER_TRAFFIC_SECRET_0 2c70593bc0e38d72d6ecd960f4c1589b7ac7543a2630839986f49f5507ae8c71 53026ab5b68a4ca8ac05f37a3174615a104be95c50157f60e02a7ad2a84ac4f4
EXPORTER_SECRET 2c70593bc0e38d72d6ecd960f4c1589b7ac7543a2630839986f49f5507ae8c71 6269b653fefd2e0dc0c310ff520867ba8d23872fa5ec71b6946e24c20e7e69c4
CLIENT_HANDSHAKE_TRAFFIC_SECRET e95f7472aea298068fb9294ac0d417cac9a4ebf629ec5e5447d53bb64610b3d7 7cdb216ba19390a4d1cf6d4c2958fb739c8b69b55299957ae76536bcc1ca802b
SERVER_HANDSHAKE_TRAFFIC_SECRET e95f7472aea298068fb9294ac0d417cac9a4ebf629ec5e5447d53bb64610b3d7 23b05a908b0854429251551b98f1abf62aae80ebb71261d55dd56d8806199515
CLIENT_TRAFFIC_SECRET_0 e95f7472aea298068fb9294ac0d417cac9a4ebf629ec5e5447d53bb64610b3d7 6ad3fd9f0ebebd8abeec35de507ffd5477d4100351534f765df3f428408bd911
SERVER_TRAFFIC_SECRET_0 e95f7472aea298068fb9294ac0d417cac9a4ebf629ec5e5447d53bb64610b3d7 9fe0e2c47998f0972c76f74b86b137a2120b861d8ac049bef9024116405accdc
EXPORTER_SECRET e95f7472aea298068fb9294ac0d417cac9a4ebf629ec5e5447d53bb64610b3d7 af8d0621cc4d2c9045478c9a2b32299aaf328bd639c669351116ecca19cdb84c
CLIENT_RANDOM 3544e40bcaa99253e1edd563570fd33d4b9e3c6bb479c83c033e83a73dc219ad cb3149383e62a1245bdde29705f246bb2093eb5f18f4decc537ee906a51cee4d081145cb480a144b9fb06ff3eb6f58bd
CLIENT_HANDSHAKE_TRAFFIC_SECRET 87c1b9702ccd80501be92be06a6172ba83dbda070bd0f78436a3150329e0333c 7dacb45e22bab24bca8ca7ceb5995628f7e5b3dd1ec6923c263f34714d208267
SERVER_HANDSHAKE_TRAFFIC_SECRET 87c1b9702ccd80501be92be06a6172ba83dbda070bd0f78436a3150329e0333c a08eda8d00cc2f18449ce4709db600c236a756edd802f44971ea45e5fe42f0b5
CLIENT_TRAFFIC_SECRET_0 87c1b9702ccd80501be92be06a6172ba83dbda070bd0f78436a3150329e0333c 451ee9fa24bcb0443de6ba6b62aa642a0e321a6d6371fa6f9816be308978b970
SERVER_TRAFFIC_SECRET_0 87c1b9702ccd80501be92be06a6172ba83dbda070bd0f78436a3150329e0333c d04ead826911b2f3a188b2dd0c1e2815c82779dfddd1211290149a276c440ca4
EXPORTER_SECRET 87c1b9702ccd80501be92be06a6172ba83dbda070bd0f78436a3150329e0333c 5c8676e9b87828c10279a7839433c53800224f550bc27744bf349f6ae9948c28
CLIENT_HANDSHAKE_TRAFFIC_SECRET 47ed1d91ac931dd8892dad1c3f50c138701515281f35c7ac8bd15492dcca80bf c6a8d26a85d37fb849308711970b6e692fc055a10e121099f8e4850e8d6826d8
SERVER_HANDSHAKE_TRAFFIC_SECRET 47ed1d91ac931dd8892dad1c3f50c138701515281f35c7ac8bd15492dcca80bf 1c70411c34ce1ae9017f4ad27c4adf0fdadbfd1eb8918ebf00d65498fd7d308e
CLIENT_TRAFFIC_SECRET_0 47ed1d91ac931dd8892dad1c3f50c138701515281f35c7ac8bd15492dcca80bf b822ac58fc56ea9e884c06d20565d776f24236fa12d3ccec9820262962981331
SERVER_TRAFFIC_SECRET_0 47ed1d91ac931dd8892dad1c3f50c138701515281f35c7ac8bd15492dcca80bf 78430cb0d8489c69eeac31cdb2ebd542025f962659a659484bb5075ea785a9bb
EXPORTER_SECRET 47ed1d91ac931dd8892dad1c3f50c138701515281f35c7ac8bd15492dcca80bf 43f7710613cc062209a3425edacac9ab205469c78d8380a5eb1c13512a14805c
CLIENT_HANDSHAKE_TRAFFIC_SECRET 4a46d8b7e0e1f1895db68ce99603374a5612d73412a843d97224e0eae158a05a 2812f91ac63f54b214c73cbbceb176011afcc698e3f3b662327ac0a1cf39ff12962411934aab31a83f56024b1e28221e
SERVER_HANDSHAKE_TRAFFIC_SECRET 4a46d8b7e0e1f1895db68ce99603374a5612d73412a843d97224e0eae158a05a c6a012e224a341a77e0bb18b4536e2b5663a6c415251daf7916c02d274eb59c0ff7f7ce442452805999347d826e0cece
CLIENT_TRAFFIC_SECRET_0 4a46d8b7e0e1f1895db68ce99603374a5612d73412a843d97224e0eae158a05a 4b5fff9346b4dc94c29214bae9c5a2f3bbc9cd41dc39eaa4c79cfdd16d39d4c6c8337dc540c19d9cc346e572602a40cc
SERVER_TRAFFIC_SECRET_0 4a46d8b7e0e1f1895db68ce99603374a5612d73412a843d97224e0eae158a05a 2ea2cdfab0f6f6dd0ed5d3f58c6c464019bbe7090cf6003cadeadd056b6be90e409bc0d33d6727fe0b48f17018d2cf7f
EXPORTER_SECRET 4a46d8b7e0e1f1895db68ce99603374a5612d73412a843d97224e0eae158a05a dd4c45ffc4f6a85c19af810bc2be5ef77211202b9e4e4402284655abd58b25465fb23a3d3482e58e8693b70d0c02711d
CLIENT_RANDOM a37b94dbecd59e33336ebd2c90a3cc6cc9d2c7464907814e86cc2c6c7924a2c4 e48d8ca9ff0e498a866a1786f277f500eb405c2c5ae27ceda7abac5a4838cf273eb1c6056bfbe344641e98585e4effcb
CLIENT_RANDOM e4f05223aeb433528fd81b09a9ee293ae568623eb1875f0b9965f05ed774f1cb cb3149383e62a1245bdde29705f246bb2093eb5f18f4decc537ee906a51cee4d081145cb480a144b9fb06ff3eb6f58bd
CLIENT_RANDOM 90684783b0ab9b85dae6e4b6b825468330d82c858ca1e67654845cfa902a2c0d cb3149383e62a1245bdde29705f246bb2093eb5f18f4decc537ee906a51cee4d081145cb480a144b9fb06ff3eb6f58bd
CLIENT_RANDOM 24bacec924928fb8f17edc2255bba0beb503331c22b4e41a6c32775fab6230c7 cb3149383e62a1245bdde29705f246bb2093eb5f18f4decc537ee906a51cee4d081145cb480a144b9fb06ff3eb6f58bd
CLIENT_RANDOM 4a0b5cfd393cb969bdc4767c80b28ca0686f0ace3b51fc99509834bd642cd482 cb3149383e62a1245bdde29705f246bb2093eb5f18f4decc537ee906a51cee4d081145cb480a144b9fb06ff3eb6f58bd
CLIENT_RANDOM 56d8776d08e7b1249e2b58b103fc0577c6b34c2523d0ab7c2fdc6c2ac55880c4 49d2700d5b6027aaf6285296f144c7da48c06ae06a5e6c6086e54686fbe611742a554987d69f9ce3e47de82358cea601
CLIENT_HANDSHAKE_TRAFFIC_SECRET 6088c92b75f682fd4341ed756caa1b921e8ac8899d8b4da5468fc4f736b8bd55 c5424e729f0ef005740a99b63444a5d1d6a0c78a15030ec9652f18c83f22e6b9
SERVER_HANDSHAKE_TRAFFIC_SECRET 6088c92b75f682fd4341ed756caa1b921e8ac8899d8b4da5468fc4f736b8bd55 899dba3e93c7a830f1a1a0a55303aa387e16d1cd2ad8b5ccb4d69d1090666d02
CLIENT_HANDSHAKE_TRAFFIC_SECRET 1127beebc5888656d8a02a58f69f8cdc5b000311c345afe212e61216b50bdd76 d8424bb20b7210f0cf084a36f87c383276e7b059eea83e3476d62eaa175fa1a5
SERVER_HANDSHAKE_TRAFFIC_SECRET 1127beebc5888656d8a02a58f69f8cdc5b000311c345afe212e61216b50bdd76 809c0e9205e07c610568a2e25097688efa55ab15ef57e7e067af535da7c299c1
CLIENT_TRAFFIC_SECRET_0 1127beebc5888656d8a02a58f69f8cdc5b000311c345afe212e61216b50bdd76 6fbf536a984046cabc19ee5c8ca35806336c6a52094aecd9e416e023888d1f9e
SERVER_TRAFFIC_SECRET_0 1127beebc5888656d8a02a58f69f8cdc5b000311c345afe212e61216b50bdd76 4e541600c8e6c1bb43389ebd639e7a0e8b0bbf49ea47d053b345022063b14120
EXPORTER_SECRET 1127beebc5888656d8a02a58f69f8cdc5b000311c345afe212e61216b50bdd76 1eda90cbad51b25de0324d0262497a8810cd45cde21b788f49874d85168cf31b
CLIENT_HANDSHAKE_TRAFFIC_SECRET 05360985a0749ee3041ff081ce1b2c8965fdc3688ee44b2e91348c2f40ba65e7 a0fb40b1f06356f4f141bc79f402eddcaad3b5abcd472f30cc7fddaa1ad39f5d8576b22598de141ab32efc0b80884716
SERVER_HANDSHAKE_TRAFFIC_SECRET 05360985a0749ee3041ff081ce1b2c8965fdc3688ee44b2e91348c2f40ba65e7 63871bd1f4be834657577f64a31a703912973a683931c2d1da1de1c289f1d4659846228ec435bbe99615e5d2349875d5
CLIENT_HANDSHAKE_TRAFFIC_SECRET 1533b058ceb8c338009875db7321c0d35375be920426ca0b04e4dcf1be49e636 de6fe088933e78f259491932cb3c8b58c98b79c9bbb4b37fe89f267bb60eaa6f5907807088c125c38fd8df16090dfca9
SERVER_HANDSHAKE_TRAFFIC_SECRET 1533b058ceb8c338009875db7321c0d35375be920426ca0b04e4dcf1be49e636 ba4f06d60c1a75fe450c9c333fa196945f045a053e80dd8cb5d6bd705fa857befbf678d454829d1e3db97bb48bca509c
CLIENT_TRAFFIC_SECRET_0 1533b058ceb8c338009875db7321c0d35375be920426ca0b04e4dcf1be49e636 4f7702bd7c69c36b8b6fcc1dc9684050e77412634159dba27af4359c796e87cdb692fbaf78b555b72951d0e2c8ce367b
SERVER_TRAFFIC_SECRET_0 1533b058ceb8c338009875db7321c0d35375be920426ca0b04e4dcf1be49e636 b27f1553fa3e189fbbb59e1360f26c3f84bcb2254de52388f8d0b8824f8fa33220f668902a85b21968de974ed3238e2e
EXPORTER_SECRET 1533b058ceb8c338009875db7321c0d35375be920426ca0b04e4dcf1be49e636 9b53b80079c6a2a5ed944b0a6227c8dfd279078aa4a1b5759901bf27e39ac0d7318fd472513fb5f69cc9d4d5f362abda
